<?xml version="1.0" encoding="UTF-8"?>
<!-- Generated by org.testng.reporters.JUnitXMLReporter -->
<testsuite hostname="NODE343" ignored="0" name="Test" tests="2" failures="1" timestamp="26 Aug 2019 05:15:37 GMT" time="18.332" errors="0">
  <testcase name="createCustomer" time="6.197" classname="com.actitime.scripts.TasksTest">
    <failure type="java.lang.NumberFormatException" message="null">
      <![CDATA[java.lang.NumberFormatException: nullat java.lang.Integer.parseInt(Unknown Source)at java.lang.Integer.parseInt(Unknown Source)at com.actitime.pageObjects.OpenTasksPage.clickOnProjNCustLink(OpenTasksPage.java:26)at com.actitime.scripts.TasksTest.createCustomer(TasksTest.java:23)... Removed 25 stack frames]]>
    </failure>
  </testcase> <!-- createCustomer -->
  <testcase name="deleteCustomer" time="0.0" classname="com.actitime.scripts.TasksTest">
    <skipped/>
  </testcase> <!-- deleteCustomer -->
</testsuite> <!-- Test -->
