<?xml version="1.0" encoding="UTF-8"?>
<!-- Generated by org.testng.reporters.JUnitXMLReporter -->
<testsuite hostname="NODE343" ignored="0" name="Test" tests="1" failures="1" timestamp="02 Sep 2019 07:00:23 GMT" time="17.04" errors="0">
  <testcase name="createCustomer" time="6.707" classname="com.actitime.scripts.TasksTest">
    <failure type="java.lang.NumberFormatException" message="null">
      <![CDATA[java.lang.NumberFormatException: nullat java.lang.Integer.parseInt(Unknown Source)at java.lang.Integer.parseInt(Unknown Source)at com.actitime.pageObjects.OpenTasksPage.clickOnProjNCustLink(OpenTasksPage.java:26)at com.actitime.scripts.TasksTest.createCustomer(TasksTest.java:23)... Removed 25 stack frames]]>
    </failure>
  </testcase> <!-- createCustomer -->
</testsuite> <!-- Test -->
